# JRE version: OpenJDK Runtime Environment (8.0_242-b01) (build 1.8.0_242-release-1644-b01)
# Java VM: OpenJDK 64-Bit Server VM (25.242-b01 mixed mode windows-amd64 compressed oops)
Heap:
 PSYoungGen      total 141824K, used 54188K [0x000000076ad80000, 0x0000000774280000, 0x00000007c0000000)
  eden space 131072K, 41% used [0x000000076ad80000,0x000000076e26b118,0x0000000772d80000)
  from space 10752K, 0% used [0x0000000772d80000,0x0000000772d80000,0x0000000773800000)
  to   space 10752K, 0% used [0x0000000773800000,0x0000000773800000,0x0000000774280000)
 ParOldGen       total 116736K, used 27383K [0x00000006c0800000, 0x00000006c7a00000, 0x000000076ad80000)
  object space 116736K, 23% used [0x00000006c0800000,0x00000006c22bdc28,0x00000006c7a00000)
 Metaspace       used 38408K, capacity 39020K, committed 39344K, reserved 1083392K
  class space    used 4880K, capacity 5026K, committed 5040K, reserved 1048576K
GC Heap History (10 events):
Event: 0.947 GC heap before
{Heap before GC invocations=1 (full 0):
 PSYoungGen      total 76288K, used 65536K [0x000000076ad80000, 0x0000000770280000, 0x00000007c0000000)
  eden space 65536K, 100% used [0x000000076ad80000,0x000000076ed80000,0x000000076ed80000)
  from space 10752K, 0% used [0x000000076f800000,0x000000076f800000,0x0000000770280000)
  to   space 10752K, 0% used [0x000000076ed80000,0x000000076ed80000,0x000000076f800000)
 ParOldGen       total 175104K, used 0K [0x00000006c0800000, 0x00000006cb300000, 0x000000076ad80000)
  object space 175104K, 0% used [0x00000006c0800000,0x00000006c0800000,0x00000006cb300000)
 Metaspace       used 15711K, capacity 16004K, committed 16256K, reserved 1062912K
  class space    used 1825K, capacity 1914K, committed 1920K, reserved 1048576K
Event: 0.958 GC heap after
Heap after GC invocations=1 (full 0):
 PSYoungGen      total 76288K, used 10736K [0x000000076ad80000, 0x0000000774280000, 0x00000007c0000000)
  eden space 65536K, 0% used [0x000000076ad80000,0x000000076ad80000,0x000000076ed80000)
  from space 10752K, 99% used [0x000000076ed80000,0x000000076f7fc118,0x000000076f800000)
  to   space 10752K, 0% used [0x0000000773800000,0x0000000773800000,0x0000000774280000)
 ParOldGen       total 175104K, used 4603K [0x00000006c0800000, 0x00000006cb300000, 0x000000076ad80000)
  object space 175104K, 2% used [0x00000006c0800000,0x00000006c0c7ece8,0x00000006cb300000)
 Metaspace       used 15711K, capacity 16004K, committed 16256K, reserved 1062912K
  class space    used 1825K, capacity 1914K, committed 1920K, reserved 1048576K
}
Event: 1.218 GC heap before
{Heap before GC invocations=2 (full 0):
 PSYoungGen      total 76288K, used 31121K [0x000000076ad80000, 0x0000000774280000, 0x00000007c0000000)
  eden space 65536K, 31% used [0x000000076ad80000,0x000000076c1685a8,0x000000076ed80000)
  from space 10752K, 99% used [0x000000076ed80000,0x000000076f7fc118,0x000000076f800000)
  to   space 10752K, 0% used [0x0000000773800000,0x0000000773800000,0x0000000774280000)
 ParOldGen       total 175104K, used 4603K [0x00000006c0800000, 0x00000006cb300000, 0x000000076ad80000)
  object space 175104K, 2% used [0x00000006c0800000,0x00000006c0c7ece8,0x00000006cb300000)
 Metaspace       used 20791K, capacity 21184K, committed 21296K, reserved 1069056K
  class space    used 2456K, capacity 2594K, committed 2608K, reserved 1048576K
Event: 1.225 GC heap after
Heap after GC invocations=2 (full 0):
 PSYoungGen      total 141824K, used 9517K [0x000000076ad80000, 0x0000000774280000, 0x00000007c0000000)
  eden space 131072K, 0% used [0x000000076ad80000,0x000000076ad80000,0x0000000772d80000)
  from space 10752K, 88% used [0x0000000773800000,0x000000077414b4c8,0x0000000774280000)
  to   space 10752K, 0% used [0x0000000772d80000,0x0000000772d80000,0x0000000773800000)
 ParOldGen       total 175104K, used 4675K [0x00000006c0800000, 0x00000006cb300000, 0x000000076ad80000)
  object space 175104K, 2% used [0x00000006c0800000,0x00000006c0c90cf8,0x00000006cb300000)
 Metaspace       used 20791K, capacity 21184K, committed 21296K, reserved 1069056K
  class space    used 2456K, capacity 2594K, committed 2608K, reserved 1048576K
}
Event: 1.225 GC heap before
{Heap before GC invocations=3 (full 1):
 PSYoungGen      total 141824K, used 9517K [0x000000076ad80000, 0x0000000774280000, 0x00000007c0000000)
  eden space 131072K, 0% used [0x000000076ad80000,0x000000076ad80000,0x0000000772d80000)
  from space 10752K, 88% used [0x0000000773800000,0x000000077414b4c8,0x0000000774280000)
  to   space 10752K, 0% used [0x0000000772d80000,0x0000000772d80000,0x0000000773800000)
 ParOldGen       total 175104K, used 4675K [0x00000006c0800000, 0x00000006cb300000, 0x000000076ad80000)
  object space 175104K, 2% used [0x00000006c0800000,0x00000006c0c90cf8,0x00000006cb300000)
 Metaspace       used 20791K, capacity 21184K, committed 21296K, reserved 1069056K
  class space    used 2456K, capacity 2594K, committed 2608K, reserved 1048576K
Event: 1.252 GC heap after
Heap after GC invocations=3 (full 1):
 PSYoungGen      total 141824K, used 0K [0x000000076ad80000, 0x0000000774280000, 0x00000007c0000000)
  eden space 131072K, 0% used [0x000000076ad80000,0x000000076ad80000,0x0000000772d80000)
  from space 10752K, 0% used [0x0000000773800000,0x0000000773800000,0x0000000774280000)
  to   space 10752K, 0% used [0x0000000772d80000,0x0000000772d80000,0x0000000773800000)
 ParOldGen       total 116736K, used 9226K [0x00000006c0800000, 0x00000006c7a00000, 0x000000076ad80000)
  object space 116736K, 7% used [0x00000006c0800000,0x00000006c1102800,0x00000006c7a00000)
 Metaspace       used 20791K, capacity 21184K, committed 21296K, reserved 1069056K
  class space    used 2456K, capacity 2594K, committed 2608K, reserved 1048576K
}
Event: 2.287 GC heap before
{Heap before GC invocations=4 (full 1):
 PSYoungGen      total 141824K, used 93062K [0x000000076ad80000, 0x0000000774280000, 0x00000007c0000000)
  eden space 131072K, 71% used [0x000000076ad80000,0x00000007708618c0,0x0000000772d80000)
  from space 10752K, 0% used [0x0000000773800000,0x0000000773800000,0x0000000774280000)
  to   space 10752K, 0% used [0x0000000772d80000,0x0000000772d80000,0x0000000773800000)
 ParOldGen       total 116736K, used 9226K [0x00000006c0800000, 0x00000006c7a00000, 0x000000076ad80000)
  object space 116736K, 7% used [0x00000006c0800000,0x00000006c1102800,0x00000006c7a00000)
 Metaspace       used 34837K, capacity 35376K, committed 35496K, reserved 1081344K
  class space    used 4462K, capacity 4626K, committed 4656K, reserved 1048576K
Event: 2.301 GC heap after
Heap after GC invocations=4 (full 1):
 PSYoungGen      total 141824K, used 10726K [0x000000076ad80000, 0x0000000774280000, 0x00000007c0000000)
  eden space 131072K, 0% used [0x000000076ad80000,0x000000076ad80000,0x0000000772d80000)
  from space 10752K, 99% used [0x0000000772d80000,0x00000007737f9a38,0x0000000773800000)
  to   space 10752K, 0% used [0x0000000773800000,0x0000000773800000,0x0000000774280000)
 ParOldGen       total 116736K, used 20800K [0x00000006c0800000, 0x00000006c7a00000, 0x000000076ad80000)
  object space 116736K, 17% used [0x00000006c0800000,0x00000006c1c501b8,0x00000006c7a00000)
 Metaspace       used 34837K, capacity 35376K, committed 35496K, reserved 1081344K
  class space    used 4462K, capacity 4626K, committed 4656K, reserved 1048576K
}
Event: 2.301 GC heap before
{Heap before GC invocations=5 (full 2):
 PSYoungGen      total 141824K, used 10726K [0x000000076ad80000, 0x0000000774280000, 0x00000007c0000000)
  eden space 131072K, 0% used [0x000000076ad80000,0x000000076ad80000,0x0000000772d80000)
  from space 10752K, 99% used [0x0000000772d80000,0x00000007737f9a38,0x0000000773800000)
  to   space 10752K, 0% used [0x0000000773800000,0x0000000773800000,0x0000000774280000)
 ParOldGen       total 116736K, used 20800K [0x00000006c0800000, 0x00000006c7a00000, 0x000000076ad80000)
  object space 116736K, 17% used [0x00000006c0800000,0x00000006c1c501b8,0x00000006c7a00000)
 Metaspace       used 34837K, capacity 35376K, committed 35496K, reserved 1081344K
  class space    used 4462K, capacity 4626K, committed 4656K, reserved 1048576K
Event: 2.340 GC heap after
Heap after GC invocations=5 (full 2):
 PSYoungGen      total 141824K, used 0K [0x000000076ad80000, 0x0000000774280000, 0x00000007c0000000)
  eden space 131072K, 0% used [0x000000076ad80000,0x000000076ad80000,0x0000000772d80000)
  from space 10752K, 0% used [0x0000000772d80000,0x0000000772d80000,0x0000000773800000)
  to   space 10752K, 0% used [0x0000000773800000,0x0000000773800000,0x0000000774280000)
 ParOldGen       total 116736K, used 27383K [0x00000006c0800000, 0x00000006c7a00000, 0x000000076ad80000)
  object space 116736K, 23% used [0x00000006c0800000,0x00000006c22bdc28,0x00000006c7a00000)
 Metaspace       used 34837K, capacity 35376K, committed 35496K, reserved 1081344K
  class space    used 4462K, capacity 4626K, committed 4656K, reserved 1048576K
}

